
> anthology@0.0.0 start /home/tjaden/Anthology
> node ./bin/www

Port 3000 is already in use

npm ERR! Linux 4.2.0-23-generic
npm ERR! argv "/usr/bin/nodejs" "/usr/bin/npm" "start"
npm ERR! node v4.2.4
npm ERR! npm  v2.14.12
npm ERR! code ELIFECYCLE
npm ERR! anthology@0.0.0 start: `node ./bin/www`
npm ERR! Exit status 1
npm ERR! 
npm ERR! Failed at the anthology@0.0.0 start script 'node ./bin/www'.
npm ERR! This is most likely a problem with the anthology package,
npm ERR! not with npm itself.
npm ERR! Tell the author that this fails on your system:
npm ERR!     node ./bin/www
npm ERR! You can get their info via:
npm ERR!     npm owner ls anthology
npm ERR! There is likely additional logging output above.

npm ERR! Please include the following file with any support request:
npm ERR!     /home/tjaden/Anthology/npm-debug.log

> anthology@0.0.0 start /home/tjaden/Anthology
> node ./bin/www

[0mGET / [32m200 [0m318.222 ms - 13557[0m
[0mGET /images/rsz_simple.jpg [36m304 [0m4.248 ms - -[0m
[0mGET /stylesheets/style.css [36m304 [0m1.610 ms - -[0m
[0mGET /images/rsz_precise.jpg [36m304 [0m0.795 ms - -[0m
[0mGET /images/rsz_elegant.jpg [36m304 [0m0.763 ms - -[0m
[0mGET /images/powerful.jpg [36m304 [0m0.789 ms - -[0m
public/text/powerful
[0mGET /powerful [36m304 [0m186.936 ms - -[0m
[0mGET /stylesheets/style.css [36m304 [0m0.547 ms - -[0m
[0mGET /images/rsz_elegant.jpg [36m304 [0m0.579 ms - -[0m
[0mGET /images/rsz_simple.jpg [36m304 [0m0.434 ms - -[0m
[0mGET /images/rsz_precise.jpg [36m304 [0m1.026 ms - -[0m
[0mGET /images/powerful.jpg [36m304 [0m0.637 ms - -[0m
public/text/elegant
[0mGET /elegant [36m304 [0m116.020 ms - -[0m
[0mGET /stylesheets/style.css [36m304 [0m1.782 ms - -[0m
[0mGET /images/powerful.jpg [36m304 [0m1.143 ms - -[0m
[0mGET /images/rsz_precise.jpg [36m304 [0m0.878 ms - -[0m
[0mGET /images/rsz_elegant.jpg [36m304 [0m0.794 ms - -[0m
[0mGET /images/rsz_simple.jpg [36m304 [0m0.570 ms - -[0m
[0mGET / [32m200 [0m61.104 ms - 13557[0m
[0mGET / [32m200 [0m49.849 ms - 13557[0m
[0mGET / [32m200 [0m129.189 ms - 13557[0m
[0mGET / [32m200 [0m89.661 ms - 13557[0m
[0mGET / [32m200 [0m47.006 ms - 13557[0m
[0mGET / [32m200 [0m165.936 ms - 13557[0m
[0mGET / [32m200 [0m37.135 ms - 13557[0m

> anthology@0.0.0 start /home/tjaden/Anthology
> node ./bin/www

[0mGET / [32m200 [0m770.991 ms - 13557[0m
[0mGET /stylesheets/style.css [32m200 [0m42.811 ms - 590[0m
[0mGET /images/rsz_elegant.jpg [32m200 [0m3.174 ms - 25297[0m
[0mGET /images/rsz_simple.jpg [32m200 [0m4.046 ms - 4528[0m
[0mGET /images/powerful.jpg [32m200 [0m1.144 ms - 13344[0m
[0mGET /images/rsz_precise.jpg [32m200 [0m0.927 ms - 12659[0m
